#
# A fatal error has been detected by the Java Runtime Environment:
#
#  SIGSEGV (0xb) at pc=0x00007fff6dfe7d09, pid=11657, tid=0x0000000000002703
#
# JRE version: Java(TM) SE Runtime Environment (8.0_101-b13) (build 1.8.0_101-b13)
# Java VM: Java HotSpot(TM) 64-Bit Server VM (25.101-b13 mixed mode bsd-amd64 compressed oops)
# Problematic frame:
# C  [libsystem_platform.dylib+0x1d09]  _platform_memmove$VARIANT$Haswell+0x29
#
# Failed to write core dump. Core dumps have been disabled. To enable core dumping, try "ulimit -c unlimited" before starting Java again
#
# If you would like to submit a bug report, please visit:
#   http://bugreport.java.com/bugreport/crash.jsp
# The crash happened outside the Java Virtual Machine in native code.
# See problematic frame for where to report the bug.
#

---------------  T H R E A D  ---------------

Current thread (0x00007fe782802000):  JavaThread "main" [_thread_in_native, id=9987, stack(0x0000700003543000,0x0000700003643000)]

siginfo: si_signo: 11 (SIGSEGV), si_code: 1 (SEGV_MAPERR), si_addr: 0x000000011fc21000

Registers:
RAX=0x00007fe7871a2200, RBX=0x000000011fc20497, RCX=0x0000000000003a46, RDX=0x0000000000004581
RSP=0x0000700003640760, RBP=0x0000700003640760, RSI=0x000000011fc21000, RDI=0x00007fe7871a2d3b
R8 =0x00007fe7877ffdc2, R9 =0x0000000000008126, R10=0x00007fe787000000, R11=0x00007fe667581d3b
R12=0x0000000000000000, R13=0x000000006e6f6365, R14=0x00000000a4000000, R15=0x0000000000000017
RIP=0x00007fff6dfe7d09, EFLAGS=0x0000000000010206, ERR=0x0000000000000004
  TRAPNO=0x000000000000000e

Top of Stack: (sp=0x0000700003640760)
0x0000700003640760:   00007000036407d0 00000001068d3006
0x0000700003640770:   00000017036419e0 0000000000000000
0x0000700003640780:   0000000000006400 00007fe7871a2200
0x0000700003640790:   0000000000004581 00007fe781f323d0
0x00007000036407a0:   00007fe781f1a310 00007fe781f323d0
0x00007000036407b0:   00007fe781f32550 0000000000000090
0x00007000036407c0:   0000000068c8160d 00007fe781f32640
0x00007000036407d0:   0000700003640830 00000001068d352d
0x00007000036407e0:   0000700003640877 0000700003640876
0x00007000036407f0:   0000002700000000 0000002801802000
0x0000700003640800:   000070000364084e 0000700003640c98
0x0000700003640810:   0000000000000028 000070000364084e
0x0000700003640820:   00007fe781f323d0 00007fe7828021f8
0x0000700003640830:   0000700003640c80 00000001068d2238
0x0000700003640840:   000000072253a520 6f64000100000001
0x0000700003640850:   6572702f73656e6e 69746e65766e6f63
0x0000700003640860:   6f436572502f6e6f 6e6f69746e65766e
0x0000700003640870:   00007373616c632e 0000000800000001
0x0000700003640880:   00007fe782aa6d00 000000010000000c
0x0000700003640890:   00007000036408e0 00007fff6de8aa5f
0x00007000036408a0:   00007000036409f0 00007fe782802000
0x00007000036408b0:   0000000000000000 0000000000000000
0x00007000036408c0:   0000000000000073 0000000107a08de2
0x00007000036408d0:   0000000000000030 0000000107a08de2
0x00007000036408e0:   0000700003640c80 00007fff6de94a7e
0x00007000036408f0:   0000700003640980 00000001077cae4c
0x0000700003640900:   0000700003640960 0000000000000000
0x0000700003640910:   00007fe782802000 0000000120151b10
0x0000700003640920:   0000000120151b10 0000000000000000
0x0000700003640930:   0000700003641cb0 0000000000000030
0x0000700003640940:   0000000099d4cdea 000000079f328988
0x0000700003640950:   00007000036409a0 00007fff6de8aa5f 

Instructions: (pc=0x00007fff6dfe7d09)
0x00007fff6dfe7ce9:   f3 48 89 f8 49 39 d3 72 1b 48 83 fa 60 76 2f 48
0x00007fff6dfe7cf9:   81 fa 00 40 00 00 0f 82 cb 00 00 00 48 89 d1 fc
0x00007fff6dfe7d09:   f3 a4 5d c3 48 39 fe 74 f9 48 01 d6 48 01 d7 48
0x00007fff6dfe7d19:   83 fa 60 0f 82 8c 01 00 00 e9 a9 01 00 00 48 83 

Register to memory mapping:

RAX=0x00007fe7871a2200 is an unknown value
RBX=0x000000011fc20497 is an unknown value
RCX=0x0000000000003a46 is an unknown value
RDX=0x0000000000004581 is an unknown value
RSP=0x0000700003640760 is pointing into the stack for thread: 0x00007fe782802000
RBP=0x0000700003640760 is pointing into the stack for thread: 0x00007fe782802000
RSI=0x000000011fc21000 is an unknown value
RDI=0x00007fe7871a2d3b is an unknown value
R8 =0x00007fe7877ffdc2 is an unknown value
R9 =0x0000000000008126 is an unknown value
R10=0x00007fe787000000 is an unknown value
R11=0x00007fe667581d3b is an unknown value
R12=0x0000000000000000 is an unknown value
R13=0x000000006e6f6365 is an unknown value
R14=0x00000000a4000000 is an unknown value
R15=0x0000000000000017 is an unknown value


Stack: [0x0000700003543000,0x0000700003643000],  sp=0x0000700003640760,  free space=1013k
Native frames: (J=compiled Java code, j=interpreted, Vv=VM code, C=native code)
C  [libsystem_platform.dylib+0x1d09]  _platform_memmove$VARIANT$Haswell+0x29
C  [libzip.dylib+0x3006]  newEntry+0x2c8
C  [libzip.dylib+0x352d]  ZIP_GetEntry2+0xd4
C  [libzip.dylib+0x2238]  Java_java_util_zip_ZipFile_getEntry+0xcf
J 227  java.util.zip.ZipFile.getEntry(J[BZ)J (0 bytes) @ 0x000000010853710e [0x0000000108537040+0xce]
J 2095 C2 java.util.jar.JarFile.getEntry(Ljava/lang/String;)Ljava/util/zip/ZipEntry; (22 bytes) @ 0x0000000108ac3ef4 [0x0000000108ac3b80+0x374]
J 1240 C2 sun.misc.URLClassPath$JarLoader.getResource(Ljava/lang/String;Z)Lsun/misc/Resource; (85 bytes) @ 0x000000010880fe74 [0x000000010880fc60+0x214]
J 906 C2 sun.misc.URLClassPath.getResource(Ljava/lang/String;Z)Lsun/misc/Resource; (83 bytes) @ 0x0000000108747020 [0x0000000108746de0+0x240]
J 462 C1 java.net.URLClassLoader$1.run()Ljava/lang/Class; (63 bytes) @ 0x00000001085ce63c [0x00000001085ce420+0x21c]
J 461 C1 java.net.URLClassLoader$1.run()Ljava/lang/Object; (5 bytes) @ 0x00000001085ce08c [0x00000001085ce000+0x8c]
v  ~StubRoutines::call_stub
V  [libjvm.dylib+0x2ecf06]
V  [libjvm.dylib+0x34d69c]
J 460  java.security.AccessController.doPrivileged(Ljava/security/PrivilegedExceptionAction;Ljava/security/AccessControlContext;)Ljava/lang/Object; (0 bytes) @ 0x00000001085cdd55 [0x00000001085cdc80+0xd5]
J 374 C1 java.net.URLClassLoader.findClass(Ljava/lang/String;)Ljava/lang/Class; (47 bytes) @ 0x000000010859f154 [0x000000010859efc0+0x194]
J 353 C1 java.lang.ClassLoader.loadClass(Ljava/lang/String;Z)Ljava/lang/Class; (122 bytes) @ 0x0000000108594ce4 [0x0000000108594380+0x964]
J 448 C1 sun.misc.Launcher$AppClassLoader.loadClass(Ljava/lang/String;Z)Ljava/lang/Class; (85 bytes) @ 0x00000001085c7b24 [0x00000001085c7180+0x9a4]
J 447 C1 java.lang.ClassLoader.loadClass(Ljava/lang/String;)Ljava/lang/Class; (7 bytes) @ 0x00000001085bfc04 [0x00000001085bfb00+0x104]
v  ~StubRoutines::call_stub
V  [libjvm.dylib+0x2ecf06]
V  [libjvm.dylib+0x2ed694]
V  [libjvm.dylib+0x2ed7ec]
V  [libjvm.dylib+0x53a818]
V  [libjvm.dylib+0x539fb1]
V  [libjvm.dylib+0x53aa34]
V  [libjvm.dylib+0x53b0e7]
V  [libjvm.dylib+0x345475]
V  [libjvm.dylib+0x34f966]
C  [libjava.dylib+0x22fd]  Java_java_lang_Class_forName0+0x13f
J 707  java.lang.Class.forName0(Ljava/lang/String;ZLjava/lang/ClassLoader;Ljava/lang/Class;)Ljava/lang/Class; (0 bytes) @ 0x00000001086759f4 [0x0000000108675900+0xf4]
J 1569 C2 java.lang.Class.forName(Ljava/lang/String;ZLjava/lang/ClassLoader;)Ljava/lang/Class; (53 bytes) @ 0x00000001087bcf48 [0x00000001087bcf20+0x28]
j  java.io.ObjectInputStream.resolveClass(Ljava/io/ObjectStreamClass;)Ljava/lang/Class;+10
j  com.sun.messaging.jmq.jmsclient.ObjectMessageImpl$ObjectInputStreamWithContextLoader.resolveClass(Ljava/io/ObjectStreamClass;)Ljava/lang/Class;+39
j  java.io.ObjectInputStream.readNonProxyDesc(Z)Ljava/io/ObjectStreamClass;+108
j  java.io.ObjectInputStream.readClassDesc(Z)Ljava/io/ObjectStreamClass;+86
j  java.io.ObjectInputStream.readOrdinaryObject(Z)Ljava/lang/Object;+22
j  java.io.ObjectInputStream.readObject0(Z)Ljava/lang/Object;+389
J 2951 C1 java.io.ObjectInputStream.readObject()Ljava/lang/Object; (124 bytes) @ 0x0000000108b280c4 [0x0000000108b28040+0x84]
j  com.sun.messaging.jmq.jmsclient.ObjectMessageImpl.getObject()Ljava/io/Serializable;+45
j  classesTests.Receiver.main([Ljava/lang/String;)V+148
v  ~StubRoutines::call_stub
V  [libjvm.dylib+0x2ecf06]
V  [libjvm.dylib+0x323d7a]
V  [libjvm.dylib+0x31caf1]
C  [java+0x3931]  JavaMain+0x9c4
C  [libsystem_pthread.dylib+0x333d]  _pthread_body+0x7e
C  [libsystem_pthread.dylib+0x62a7]  _pthread_start+0x46
C  [libsystem_pthread.dylib+0x2425]  thread_start+0xd
C  0x0000000000000000

Java frames: (J=compiled Java code, j=interpreted, Vv=VM code)
J 227  java.util.zip.ZipFile.getEntry(J[BZ)J (0 bytes) @ 0x0000000108537098 [0x0000000108537040+0x58]
J 2095 C2 java.util.jar.JarFile.getEntry(Ljava/lang/String;)Ljava/util/zip/ZipEntry; (22 bytes) @ 0x0000000108ac3ef4 [0x0000000108ac3b80+0x374]
J 1240 C2 sun.misc.URLClassPath$JarLoader.getResource(Ljava/lang/String;Z)Lsun/misc/Resource; (85 bytes) @ 0x000000010880fe74 [0x000000010880fc60+0x214]
J 906 C2 sun.misc.URLClassPath.getResource(Ljava/lang/String;Z)Lsun/misc/Resource; (83 bytes) @ 0x0000000108747020 [0x0000000108746de0+0x240]
J 462 C1 java.net.URLClassLoader$1.run()Ljava/lang/Class; (63 bytes) @ 0x00000001085ce63c [0x00000001085ce420+0x21c]
J 461 C1 java.net.URLClassLoader$1.run()Ljava/lang/Object; (5 bytes) @ 0x00000001085ce08c [0x00000001085ce000+0x8c]
v  ~StubRoutines::call_stub
J 460  java.security.AccessController.doPrivileged(Ljava/security/PrivilegedExceptionAction;Ljava/security/AccessControlContext;)Ljava/lang/Object; (0 bytes) @ 0x00000001085cdce3 [0x00000001085cdc80+0x63]
J 374 C1 java.net.URLClassLoader.findClass(Ljava/lang/String;)Ljava/lang/Class; (47 bytes) @ 0x000000010859f154 [0x000000010859efc0+0x194]
J 353 C1 java.lang.ClassLoader.loadClass(Ljava/lang/String;Z)Ljava/lang/Class; (122 bytes) @ 0x0000000108594ce4 [0x0000000108594380+0x964]
J 448 C1 sun.misc.Launcher$AppClassLoader.loadClass(Ljava/lang/String;Z)Ljava/lang/Class; (85 bytes) @ 0x00000001085c7b24 [0x00000001085c7180+0x9a4]
J 447 C1 java.lang.ClassLoader.loadClass(Ljava/lang/String;)Ljava/lang/Class; (7 bytes) @ 0x00000001085bfc04 [0x00000001085bfb00+0x104]
v  ~StubRoutines::call_stub
J 707  java.lang.Class.forName0(Ljava/lang/String;ZLjava/lang/ClassLoader;Ljava/lang/Class;)Ljava/lang/Class; (0 bytes) @ 0x000000010867597a [0x0000000108675900+0x7a]
J 1569 C2 java.lang.Class.forName(Ljava/lang/String;ZLjava/lang/ClassLoader;)Ljava/lang/Class; (53 bytes) @ 0x00000001087bcf48 [0x00000001087bcf20+0x28]
j  java.io.ObjectInputStream.resolveClass(Ljava/io/ObjectStreamClass;)Ljava/lang/Class;+10
j  com.sun.messaging.jmq.jmsclient.ObjectMessageImpl$ObjectInputStreamWithContextLoader.resolveClass(Ljava/io/ObjectStreamClass;)Ljava/lang/Class;+39
j  java.io.ObjectInputStream.readNonProxyDesc(Z)Ljava/io/ObjectStreamClass;+108
j  java.io.ObjectInputStream.readClassDesc(Z)Ljava/io/ObjectStreamClass;+86
j  java.io.ObjectInputStream.readOrdinaryObject(Z)Ljava/lang/Object;+22
j  java.io.ObjectInputStream.readObject0(Z)Ljava/lang/Object;+389
J 2951 C1 java.io.ObjectInputStream.readObject()Ljava/lang/Object; (124 bytes) @ 0x0000000108b280c4 [0x0000000108b28040+0x84]
j  com.sun.messaging.jmq.jmsclient.ObjectMessageImpl.getObject()Ljava/io/Serializable;+45
j  classesTests.Receiver.main([Ljava/lang/String;)V+148
v  ~StubRoutines::call_stub

---------------  P R O C E S S  ---------------

Java Threads: ( => current thread )
  0x00007fe786570000 JavaThread "imqConsumerReader-0-6737217266577707776-0" daemon [_thread_blocked, id=23043, stack(0x0000700004e8e000,0x0000700004f8e000)]
  0x00007fe783fc7800 JavaThread "connector-timer-proxy" daemon [_thread_blocked, id=41987, stack(0x0000700004d8b000,0x0000700004e8b000)]
  0x00007fe7843f7800 JavaThread "Timer-0" daemon [_thread_blocked, id=42243, stack(0x0000700004c88000,0x0000700004d88000)]
  0x00007fe782a17000 JavaThread "iMQReadChannel-0" daemon [_thread_in_native, id=22275, stack(0x0000700004b85000,0x0000700004c85000)]
  0x00007fe784304000 JavaThread "imqConnectionFlowControl-0" daemon [_thread_blocked, id=43011, stack(0x0000700004a82000,0x0000700004b82000)]
  0x00007fe782796000 JavaThread "transaction-manager" daemon [_thread_blocked, id=16899, stack(0x0000700004470000,0x0000700004570000)]
  0x00007fe782670800 JavaThread "SelectorThread" daemon [_thread_in_native, id=3335, stack(0x000070000436d000,0x000070000446d000)]
  0x00007fe782006000 JavaThread "Service Thread" daemon [_thread_blocked, id=17923, stack(0x0000700004167000,0x0000700004267000)]
  0x00007fe782007800 JavaThread "C1 CompilerThread2" daemon [_thread_blocked, id=18179, stack(0x0000700004064000,0x0000700004164000)]
  0x00007fe783847800 JavaThread "C2 CompilerThread1" daemon [_thread_blocked, id=18435, stack(0x0000700003f61000,0x0000700004061000)]
  0x00007fe78281a000 JavaThread "C2 CompilerThread0" daemon [_thread_blocked, id=18947, stack(0x0000700003e5e000,0x0000700003f5e000)]
  0x00007fe783845000 JavaThread "Signal Dispatcher" daemon [_thread_blocked, id=13827, stack(0x0000700003d5b000,0x0000700003e5b000)]
  0x00007fe78302b800 JavaThread "Finalizer" daemon [_thread_blocked, id=12547, stack(0x0000700003c58000,0x0000700003d58000)]
  0x00007fe783029000 JavaThread "Reference Handler" daemon [_thread_blocked, id=20995, stack(0x0000700003b55000,0x0000700003c55000)]
=>0x00007fe782802000 JavaThread "main" [_thread_in_native, id=9987, stack(0x0000700003543000,0x0000700003643000)]

Other Threads:
  0x00007fe782811000 VMThread [stack: 0x0000700003a52000,0x0000700003b52000] [id=11779]
  0x00007fe783846000 WatcherThread [stack: 0x000070000426a000,0x000070000436a000] [id=14595]

VM state:not at safepoint (normal execution)

VM Mutex/Monitor currently owned by a thread: None

Heap:
 PSYoungGen      total 262656K, used 179542K [0x0000000795580000, 0x00000007aaa80000, 0x00000007c0000000)
  eden space 233984K, 71% used [0x0000000795580000,0x000000079f9e1e38,0x00000007a3a00000)
  from space 28672K, 39% used [0x00000007a5480000,0x00000007a5f73da0,0x00000007a7080000)
  to   space 27136K, 0% used [0x00000007a3a00000,0x00000007a3a00000,0x00000007a5480000)
 ParOldGen       total 119296K, used 52494K [0x0000000740000000, 0x0000000747480000, 0x0000000795580000)
  object space 119296K, 44% used [0x0000000740000000,0x0000000743343888,0x0000000747480000)
 Metaspace       used 29813K, capacity 30328K, committed 30592K, reserved 1075200K
  class space    used 3803K, capacity 3930K, committed 3968K, reserved 1048576K

Card table byte_map: [0x000000011775d000,0x0000000117b5e000] byte_map_base: 0x0000000113d5d000

Marking Bits: (ParMarkBitMap*) 0x0000000107cedd20
 Begin Bits: [0x0000000117e09000, 0x0000000119e09000)
 End Bits:   [0x0000000119e09000, 0x000000011be09000)

Polling page: 0x0000000106886000

CodeCache: size=245760Kb used=7985Kb max_used=8118Kb free=237775Kb
 bounds [0x000000010839d000, 0x0000000108bdd000, 0x000000011739d000]
 total_blobs=3284 nmethods=2789 adapters=408
 compilation: enabled

Compilation events (10 events):
Event: 21.720 Thread 0x00007fe783847800 nmethod 2510 0x000000010874bb10 code [0x000000010874bc80, 0x000000010874bf38]
Event: 21.720 Thread 0x00007fe783847800 3052       4       java.lang.reflect.Executable::getAnnotation (23 bytes)
Event: 21.730 Thread 0x00007fe783847800 nmethod 3052 0x00000001088c6510 code [0x00000001088c66a0, 0x00000001088c6ae8]
Event: 21.731 Thread 0x00007fe783847800 1922       4       sun.reflect.generics.tree.SimpleClassTypeSignature::make (11 bytes)
Event: 21.732 Thread 0x00007fe783847800 nmethod 1922 0x00000001085fc410 code [0x00000001085fc560, 0x00000001085fc638]
Event: 21.732 Thread 0x00007fe783847800 1923       4       sun.reflect.generics.tree.SimpleClassTypeSignature::<init> (20 bytes)
Event: 21.733 Thread 0x00007fe783847800 nmethod 1923 0x00000001084ff450 code [0x00000001084ff5a0, 0x00000001084ff638]
Event: 21.989 Thread 0x00007fe78281a000 nmethod 1538 0x0000000108bc0dd0 code [0x0000000108bc16c0, 0x0000000108bcb000]
Event: 138.122 Thread 0x00007fe782007800 3126   !   3       com.sun.corba.ee.impl.threadpool.ThreadPoolImpl::currentNumberOfThreads (19 bytes)
Event: 138.123 Thread 0x00007fe782007800 nmethod 3126 0x00000001088e3d10 code [0x00000001088e3e80, 0x00000001088e4170]

GC Heap History (10 events):
Event: 12.582 GC heap before
{Heap before GC invocations=7 (full 0):
 PSYoungGen      total 149504K, used 101926K [0x0000000795580000, 0x00000007a0380000, 0x00000007c0000000)
  eden space 130048K, 64% used [0x0000000795580000,0x000000079a7ccbd0,0x000000079d480000)
  from space 19456K, 90% used [0x000000079ea80000,0x000000079fbbd008,0x000000079fd80000)
  to   space 22528K, 0% used [0x000000079d480000,0x000000079d480000,0x000000079ea80000)
 ParOldGen       total 87552K, used 26910K [0x0000000740000000, 0x0000000745580000, 0x0000000795580000)
  object space 87552K, 30% used [0x0000000740000000,0x0000000741a478b0,0x0000000745580000)
 Metaspace       used 20715K, capacity 20948K, committed 21248K, reserved 1067008K
  class space    used 2646K, capacity 2742K, committed 2816K, reserved 1048576K
Event: 12.691 GC heap after
Heap after GC invocations=7 (full 0):
 PSYoungGen      total 152576K, used 22503K [0x0000000795580000, 0x00000007a8c80000, 0x00000007c0000000)
  eden space 130048K, 0% used [0x0000000795580000,0x0000000795580000,0x000000079d480000)
  from space 22528K, 99% used [0x000000079d480000,0x000000079ea79ca0,0x000000079ea80000)
  to   space 29184K, 0% used [0x00000007a7000000,0x00000007a7000000,0x00000007a8c80000)
 ParOldGen       total 87552K, used 32990K [0x0000000740000000, 0x0000000745580000, 0x0000000795580000)
  object space 87552K, 37% used [0x0000000740000000,0x0000000742037850,0x0000000745580000)
 Metaspace       used 20715K, capacity 20948K, committed 21248K, reserved 1067008K
  class space    used 2646K, capacity 2742K, committed 2816K, reserved 1048576K
}
Event: 12.691 GC heap before
{Heap before GC invocations=8 (full 1):
 PSYoungGen      total 152576K, used 22503K [0x0000000795580000, 0x00000007a8c80000, 0x00000007c0000000)
  eden space 130048K, 0% used [0x0000000795580000,0x0000000795580000,0x000000079d480000)
  from space 22528K, 99% used [0x000000079d480000,0x000000079ea79ca0,0x000000079ea80000)
  to   space 29184K, 0% used [0x00000007a7000000,0x00000007a7000000,0x00000007a8c80000)
 ParOldGen       total 87552K, used 32990K [0x0000000740000000, 0x0000000745580000, 0x0000000795580000)
  object space 87552K, 37% used [0x0000000740000000,0x0000000742037850,0x0000000745580000)
 Metaspace       used 20715K, capacity 20948K, committed 21248K, reserved 1067008K
  class space    used 2646K, capacity 2742K, committed 2816K, reserved 1048576K
Event: 13.369 GC heap after
Heap after GC invocations=8 (full 1):
 PSYoungGen      total 152576K, used 0K [0x0000000795580000, 0x00000007a8c80000, 0x00000007c0000000)
  eden space 130048K, 0% used [0x0000000795580000,0x0000000795580000,0x000000079d480000)
  from space 22528K, 0% used [0x000000079d480000,0x000000079d480000,0x000000079ea80000)
  to   space 29184K, 0% used [0x00000007a7000000,0x00000007a7000000,0x00000007a8c80000)
 ParOldGen       total 119296K, used 52470K [0x0000000740000000, 0x0000000747480000, 0x0000000795580000)
  object space 119296K, 43% used [0x0000000740000000,0x000000074333d888,0x0000000747480000)
 Metaspace       used 20715K, capacity 20948K, committed 21248K, reserved 1067008K
  class space    used 2646K, capacity 2742K, committed 2816K, reserved 1048576K
}
Event: 15.501 GC heap before
{Heap before GC invocations=9 (full 1):
 PSYoungGen      total 152576K, used 130048K [0x0000000795580000, 0x00000007a8c80000, 0x00000007c0000000)
  eden space 130048K, 100% used [0x0000000795580000,0x000000079d480000,0x000000079d480000)
  from space 22528K, 0% used [0x000000079d480000,0x000000079d480000,0x000000079ea80000)
  to   space 29184K, 0% used [0x00000007a7000000,0x00000007a7000000,0x00000007a8c80000)
 ParOldGen       total 119296K, used 52470K [0x0000000740000000, 0x0000000747480000, 0x0000000795580000)
  object space 119296K, 43% used [0x0000000740000000,0x000000074333d888,0x0000000747480000)
 Metaspace       used 25378K, capacity 25650K, committed 25856K, reserved 1071104K
  class space    used 3189K, capacity 3269K, committed 3328K, reserved 1048576K
Event: 15.573 GC heap after
Heap after GC invocations=9 (full 1):
 PSYoungGen      total 184832K, used 7489K [0x0000000795580000, 0x00000007a7780000, 0x00000007c0000000)
  eden space 177152K, 0% used [0x0000000795580000,0x0000000795580000,0x00000007a0280000)
  from space 7680K, 97% used [0x00000007a7000000,0x00000007a77505e8,0x00000007a7780000)
  to   space 28672K, 0% used [0x00000007a3f80000,0x00000007a3f80000,0x00000007a5b80000)
 ParOldGen       total 119296K, used 52478K [0x0000000740000000, 0x0000000747480000, 0x0000000795580000)
  object space 119296K, 43% used [0x0000000740000000,0x000000074333f888,0x0000000747480000)
 Metaspace       used 25378K, capacity 25650K, committed 25856K, reserved 1071104K
  class space    used 3189K, capacity 3269K, committed 3328K, reserved 1048576K
}
Event: 15.711 GC heap before
{Heap before GC invocations=10 (full 1):
 PSYoungGen      total 184832K, used 184193K [0x0000000795580000, 0x00000007a7780000, 0x00000007c0000000)
  eden space 177152K, 99% used [0x0000000795580000,0x00000007a0210150,0x00000007a0280000)
  from space 7680K, 97% used [0x00000007a7000000,0x00000007a77505e8,0x00000007a7780000)
  to   space 28672K, 0% used [0x00000007a3f80000,0x00000007a3f80000,0x00000007a5b80000)
 ParOldGen       total 119296K, used 52478K [0x0000000740000000, 0x0000000747480000, 0x0000000795580000)
  object space 119296K, 43% used [0x0000000740000000,0x000000074333f888,0x0000000747480000)
 Metaspace       used 25385K, capacity 25714K, committed 26112K, reserved 1073152K
  class space    used 3189K, capacity 3269K, committed 3328K, reserved 1048576K
Event: 15.726 GC heap after
Heap after GC invocations=10 (full 1):
 PSYoungGen      total 231424K, used 4292K [0x0000000795580000, 0x00000007a7080000, 0x00000007c0000000)
  eden space 226816K, 0% used [0x0000000795580000,0x0000000795580000,0x00000007a3300000)
  from space 4608K, 93% used [0x00000007a3f80000,0x00000007a43b1360,0x00000007a4400000)
  to   space 28672K, 0% used [0x00000007a5480000,0x00000007a5480000,0x00000007a7080000)
 ParOldGen       total 119296K, used 52486K [0x0000000740000000, 0x0000000747480000, 0x0000000795580000)
  object space 119296K, 43% used [0x0000000740000000,0x0000000743341888,0x0000000747480000)
 Metaspace       used 25385K, capacity 25714K, committed 26112K, reserved 1073152K
  class space    used 3189K, capacity 3269K, committed 3328K, reserved 1048576K
}
Event: 16.244 GC heap before
{Heap before GC invocations=11 (full 1):
 PSYoungGen      total 231424K, used 231108K [0x0000000795580000, 0x00000007a7080000, 0x00000007c0000000)
  eden space 226816K, 100% used [0x0000000795580000,0x00000007a3300000,0x00000007a3300000)
  from space 4608K, 93% used [0x00000007a3f80000,0x00000007a43b1360,0x00000007a4400000)
  to   space 28672K, 0% used [0x00000007a5480000,0x00000007a5480000,0x00000007a7080000)
 ParOldGen       total 119296K, used 52486K [0x0000000740000000, 0x0000000747480000, 0x0000000795580000)
  object space 119296K, 43% used [0x0000000740000000,0x0000000743341888,0x0000000747480000)
 Metaspace       used 25465K, capacity 25790K, committed 26112K, reserved 1073152K
  class space    used 3190K, capacity 3271K, committed 3328K, reserved 1048576K
Event: 16.284 GC heap after
Heap after GC invocations=11 (full 1):
 PSYoungGen      total 262656K, used 11215K [0x0000000795580000, 0x00000007aaa80000, 0x00000007c0000000)
  eden space 233984K, 0% used [0x0000000795580000,0x0000000795580000,0x00000007a3a00000)
  from space 28672K, 39% used [0x00000007a5480000,0x00000007a5f73da0,0x00000007a7080000)
  to   space 27136K, 0% used [0x00000007a3a00000,0x00000007a3a00000,0x00000007a5480000)
 ParOldGen       total 119296K, used 52494K [0x0000000740000000, 0x0000000747480000, 0x0000000795580000)
  object space 119296K, 44% used [0x0000000740000000,0x0000000743343888,0x0000000747480000)
 Metaspace       used 25465K, capacity 25790K, committed 26112K, reserved 1073152K
  class space    used 3190K, capacity 3271K, committed 3328K, reserved 1048576K
}

Deoptimization events (10 events):
Event: 13.492 Thread 0x00007fe782802000 Uncommon trap: reason=bimorphic action=maybe_recompile pc=0x000000010874d210 method=java.io.DataOutputStream.write([BII)V @ 7
Event: 13.499 Thread 0x00007fe782802000 Uncommon trap: reason=unstable_if action=reinterpret pc=0x00000001087d9c2c method=java.lang.StringBuffer.toString()Ljava/lang/String; @ 4
Event: 14.507 Thread 0x00007fe782802000 Uncommon trap: reason=unstable_if action=reinterpret pc=0x00000001085ec36c method=java.net.URI.match(CJJ)Z @ 45
Event: 14.959 Thread 0x00007fe782802000 Uncommon trap: reason=unstable_if action=reinterpret pc=0x000000010867142c method=java.io.BufferedReader.readLine(Z)Ljava/lang/String; @ 59
Event: 16.434 Thread 0x00007fe782802000 Uncommon trap: reason=unloaded action=reinterpret pc=0x00000001089bfb74 method=sun.reflect.generics.parser.SignatureParser.parseBaseType()Lsun/reflect/generics/tree/BaseType; @ 172
Event: 17.969 Thread 0x00007fe782802000 Uncommon trap: reason=unstable_if action=reinterpret pc=0x0000000108acec68 method=java.util.HashMap.removeNode(ILjava/lang/Object;Ljava/lang/Object;ZZ)Ljava/util/HashMap$Node; @ 89
Event: 18.041 Thread 0x00007fe782802000 Uncommon trap: reason=bimorphic action=maybe_recompile pc=0x000000010875515c method=java.io.DataOutputStream.writeShort(I)V @ 12
Event: 18.041 Thread 0x00007fe782802000 Uncommon trap: reason=bimorphic action=maybe_recompile pc=0x000000010875515c method=java.io.DataOutputStream.writeShort(I)V @ 12
Event: 18.041 Thread 0x00007fe782802000 Uncommon trap: reason=bimorphic action=maybe_recompile pc=0x000000010875515c method=java.io.DataOutputStream.writeShort(I)V @ 12
Event: 18.041 Thread 0x00007fe782802000 Uncommon trap: reason=bimorphic action=maybe_recompile pc=0x000000010875515c method=java.io.DataOutputStream.writeShort(I)V @ 12

Internal exceptions (10 events):
Event: 15.125 Thread 0x00007fe782802000 Exception <a 'java/security/PrivilegedActionException'> (0x0000000798c6afc8) thrown at [/HUDSON3/workspace/8-2-build-macosx-x86_64/jdk8u101/7261/hotspot/src/share/vm/prims/jvm.cpp, line 1386]
Event: 15.125 Thread 0x00007fe782802000 Exception <a 'java/security/PrivilegedActionException'> (0x0000000798c787f8) thrown at [/HUDSON3/workspace/8-2-build-macosx-x86_64/jdk8u101/7261/hotspot/src/share/vm/prims/jvm.cpp, line 1386]
Event: 15.125 Thread 0x00007fe782802000 Exception <a 'java/security/PrivilegedActionException'> (0x0000000798c78bf0) thrown at [/HUDSON3/workspace/8-2-build-macosx-x86_64/jdk8u101/7261/hotspot/src/share/vm/prims/jvm.cpp, line 1386]
Event: 16.508 Thread 0x00007fe782802000 Exception <a 'java/lang/NoSuchMethodError': java.lang.Object.forClass(Ljava/lang/Class;)Lorg/hibernate/validator/internal/engine/constraintvalidation/ConstraintValidatorDescriptor;> (0x000000079b0ae8f8) thrown at [/HUDSON3/workspace/8-2-build-macosx-x86_6
Event: 17.106 Thread 0x00007fe782802000 Exception <a 'java/lang/NoSuchMethodError': java.lang.Object.lambda$andThen$1(Ljava/util/function/Function;Ljava/lang/Object;)Ljava/lang/Object;> (0x000000079cd17be0) thrown at [/HUDSON3/workspace/8-2-build-macosx-x86_64/jdk8u101/7261/hotspot/src/share/vm
Event: 17.238 Thread 0x00007fe782802000 Exception <a 'java/lang/NullPointerException'> (0x000000079d2111a0) thrown at [/HUDSON3/workspace/8-2-build-macosx-x86_64/jdk8u101/7261/hotspot/src/share/vm/interpreter/linkResolver.cpp, line 1280]
Event: 17.295 Thread 0x00007fe782802000 Exception <a 'java/lang/NoSuchMethodError': <clinit>> (0x000000079d497710) thrown at [/HUDSON3/workspace/8-2-build-macosx-x86_64/jdk8u101/7261/hotspot/src/share/vm/prims/jni.cpp, line 1613]
Event: 17.319 Thread 0x00007fe782802000 Exception <a 'java/lang/NoSuchMethodError': <clinit>> (0x000000079d55e260) thrown at [/HUDSON3/workspace/8-2-build-macosx-x86_64/jdk8u101/7261/hotspot/src/share/vm/prims/jni.cpp, line 1613]
Event: 17.675 Thread 0x00007fe782802000 Exception <a 'java/lang/NoSuchMethodError': <clinit>> (0x000000079e195990) thrown at [/HUDSON3/workspace/8-2-build-macosx-x86_64/jdk8u101/7261/hotspot/src/share/vm/prims/jni.cpp, line 1613]
Event: 17.679 Thread 0x00007fe782802000 Exception <a 'java/lang/NoSuchMethodError': <clinit>> (0x000000079e1a79d8) thrown at [/HUDSON3/workspace/8-2-build-macosx-x86_64/jdk8u101/7261/hotspot/src/share/vm/prims/jni.cpp, line 1613]

Events (10 events):
Event: 489.103 Executing VM operation: RevokeBias
Event: 489.103 Executing VM operation: RevokeBias done
Event: 489.103 Executing VM operation: RevokeBias
Event: 489.103 Executing VM operation: RevokeBias done
Event: 489.103 loading class java/io/Bits
Event: 489.104 loading class java/io/Bits done
Event: 489.104 loading class com/sun/messaging/jmq/util/io/ClassFilter
Event: 489.104 loading class com/sun/messaging/jmq/util/io/ClassFilter done
Event: 489.105 loading class donnes/preconvention/PreConvention
Event: 489.105 loading class donnes/preconvention/PreConvention done


Dynamic libraries:
0x0000000015ab7000 	/System/Library/Frameworks/Cocoa.framework/Versions/A/Cocoa
0x0000000015ab7000 	/System/Library/Frameworks/Security.framework/Versions/A/Security
0x0000000015ab7000 	/System/Library/Frameworks/ApplicationServices.framework/Versions/A/ApplicationServices
0x0000000015ab7000 	/usr/lib/libz.1.dylib
0x0000000015ab7000 	/usr/lib/libSystem.B.dylib
0x0000000015ab7000 	/usr/lib/libobjc.A.dylib
0x0000000015ab7000 	/System/Library/Frameworks/CoreFoundation.framework/Versions/A/CoreFoundation
0x0000000015ab7000 	/System/Library/Frameworks/Foundation.framework/Versions/C/Foundation
0x0000000015ab7000 	/System/Library/Frameworks/AppKit.framework/Versions/C/AppKit
0x0000000015ab7000 	/System/Library/Frameworks/CoreData.framework/Versions/A/CoreData
0x0000000015ab7000 	/System/Library/PrivateFrameworks/RemoteViewServices.framework/Versions/A/RemoteViewServices
0x0000000015ab7000 	/System/Library/PrivateFrameworks/UIFoundation.framework/Versions/A/UIFoundation
0x0000000015ab7000 	/System/Library/PrivateFrameworks/XCTTargetBootstrap.framework/Versions/A/XCTTargetBootstrap
0x0000000015ab7000 	/System/Library/PrivateFrameworks/IconServices.framework/Versions/A/IconServices
0x0000000015ab7000 	/System/Library/Frameworks/Metal.framework/Versions/A/Metal
0x0000000015ab7000 	/System/Library/PrivateFrameworks/DesktopServicesPriv.framework/Versions/A/DesktopServicesPriv
0x0000000015ab7000 	/usr/lib/libenergytrace.dylib
0x0000000015ab7000 	/System/Library/PrivateFrameworks/SkyLight.framework/Versions/A/SkyLight
0x0000000015ab7000 	/System/Library/Frameworks/CoreGraphics.framework/Versions/A/CoreGraphics
0x0000000015ab7000 	/System/Library/Frameworks/Accelerate.framework/Versions/A/Accelerate
0x0000000015ab7000 	/System/Library/Frameworks/IOSurface.framework/Versions/A/IOSurface
0x0000000015ab7000 	/System/Library/PrivateFrameworks/DFRFoundation.framework/Versions/A/DFRFoundation
0x0000000015ab7000 	/System/Library/Frameworks/AudioToolbox.framework/Versions/A/AudioToolbox
0x0000000015ab7000 	/System/Library/Frameworks/AudioUnit.framework/Versions/A/AudioUnit
0x0000000015ab7000 	/System/Library/PrivateFrameworks/DataDetectorsCore.framework/Versions/A/DataDetectorsCore
0x0000000015ab7000 	/System/Library/Frameworks/Carbon.framework/Versions/A/Frameworks/HIToolbox.framework/Versions/A/HIToolbox
0x0000000015ab7000 	/usr/lib/libicucore.A.dylib
0x0000000015ab7000 	/System/Library/Frameworks/QuartzCore.framework/Versions/A/QuartzCore
0x0000000015ab7000 	/System/Library/Frameworks/Carbon.framework/Versions/A/Frameworks/SpeechRecognition.framework/Versions/A/SpeechRecognition
0x0000000015ab7000 	/usr/lib/libauto.dylib
0x0000000015ab7000 	/usr/lib/libxml2.2.dylib
0x0000000015ab7000 	/System/Library/PrivateFrameworks/CoreUI.framework/Versions/A/CoreUI
0x0000000015ab7000 	/System/Library/Frameworks/CoreAudio.framework/Versions/A/CoreAudio
0x0000000015ab7000 	/System/Library/Frameworks/DiskArbitration.framework/Versions/A/DiskArbitration
0x0000000015ab7000 	/usr/lib/liblangid.dylib
0x0000000015ab7000 	/System/Library/PrivateFrameworks/MultitouchSupport.framework/Versions/A/MultitouchSupport
0x0000000015ab7000 	/System/Library/Frameworks/IOKit.framework/Versions/A/IOKit
0x0000000015ab7000 	/usr/lib/libDiagnosticMessagesClient.dylib
0x0000000015ab7000 	/System/Library/Frameworks/CoreServices.framework/Versions/A/CoreServices
0x0000000015ab7000 	/System/Library/PrivateFrameworks/PerformanceAnalysis.framework/Versions/A/PerformanceAnalysis
0x0000000015ab7000 	/System/Library/Frameworks/OpenGL.framework/Versions/A/OpenGL
0x0000000015ab7000 	/System/Library/Frameworks/ColorSync.framework/Versions/A/ColorSync
0x0000000015ab7000 	/System/Library/Frameworks/CoreImage.framework/Versions/A/CoreImage
0x0000000015ab7000 	/System/Library/Frameworks/CoreText.framework/Versions/A/CoreText
0x0000000015ab7000 	/System/Library/Frameworks/ImageIO.framework/Versions/A/ImageIO
0x0000000015ab7000 	/System/Library/PrivateFrameworks/Backup.framework/Versions/A/Backup
0x0000000015ab7000 	/usr/lib/libarchive.2.dylib
0x0000000015ab7000 	/System/Library/Frameworks/CFNetwork.framework/Versions/A/CFNetwork
0x0000000015ab7000 	/System/Library/Frameworks/SystemConfiguration.framework/Versions/A/SystemConfiguration
0x0000000015ab7000 	/usr/lib/libCRFSuite.dylib
0x0000000015ab7000 	/usr/lib/libc++.1.dylib
0x0000000015ab7000 	/usr/lib/libc++abi.dylib
0x0000000015ab7000 	/usr/lib/system/libcache.dylib
0x0000000015ab7000 	/usr/lib/system/libcommonCrypto.dylib
0x0000000015ab7000 	/usr/lib/system/libcompiler_rt.dylib
0x0000000015ab7000 	/usr/lib/system/libcopyfile.dylib
0x0000000015ab7000 	/usr/lib/system/libcorecrypto.dylib
0x0000000015ab7000 	/usr/lib/system/libdispatch.dylib
0x0000000015ab7000 	/usr/lib/system/libdyld.dylib
0x0000000015ab7000 	/usr/lib/system/libkeymgr.dylib
0x0000000015ab7000 	/usr/lib/system/liblaunch.dylib
0x0000000015ab7000 	/usr/lib/system/libmacho.dylib
0x0000000015ab7000 	/usr/lib/system/libquarantine.dylib
0x0000000015ab7000 	/usr/lib/system/libremovefile.dylib
0x0000000015ab7000 	/usr/lib/system/libsystem_asl.dylib
0x0000000015ab7000 	/usr/lib/system/libsystem_blocks.dylib
0x0000000015ab7000 	/usr/lib/system/libsystem_c.dylib
0x0000000015ab7000 	/usr/lib/system/libsystem_configuration.dylib
0x0000000015ab7000 	/usr/lib/system/libsystem_coreservices.dylib
0x0000000015ab7000 	/usr/lib/system/libsystem_darwin.dylib
0x0000000015ab7000 	/usr/lib/system/libsystem_dnssd.dylib
0x0000000015ab7000 	/usr/lib/system/libsystem_info.dylib
0x0000000015ab7000 	/usr/lib/system/libsystem_m.dylib
0x0000000015ab7000 	/usr/lib/system/libsystem_malloc.dylib
0x0000000015ab7000 	/usr/lib/system/libsystem_networkextension.dylib
0x0000000015ab7000 	/usr/lib/system/libsystem_notify.dylib
0x0000000015ab7000 	/usr/lib/system/libsystem_sandbox.dylib
0x0000000015ab7000 	/usr/lib/system/libsystem_secinit.dylib
0x0000000015ab7000 	/usr/lib/system/libsystem_kernel.dylib
0x0000000015ab7000 	/usr/lib/system/libsystem_platform.dylib
0x0000000015ab7000 	/usr/lib/system/libsystem_pthread.dylib
0x0000000015ab7000 	/usr/lib/system/libsystem_symptoms.dylib
0x0000000015ab7000 	/usr/lib/system/libsystem_trace.dylib
0x0000000015ab7000 	/usr/lib/system/libunwind.dylib
0x0000000015ab7000 	/usr/lib/system/libxpc.dylib
0x0000000015ab7000 	/usr/lib/libbsm.0.dylib
0x0000000015ab7000 	/usr/lib/system/libkxld.dylib
0x0000000015ab7000 	/System/Library/PrivateFrameworks/AppleFSCompression.framework/Versions/A/AppleFSCompression
0x0000000015ab7000 	/usr/lib/libOpenScriptingUtil.dylib
0x0000000015ab7000 	/usr/lib/libcoretls.dylib
0x0000000015ab7000 	/usr/lib/libcoretls_cfhelpers.dylib
0x0000000015ab7000 	/usr/lib/libpam.2.dylib
0x0000000015ab7000 	/usr/lib/libsqlite3.dylib
0x0000000015ab7000 	/usr/lib/libxar.1.dylib
0x0000000015ab7000 	/usr/lib/libbz2.1.0.dylib
0x0000000015ab7000 	/usr/lib/liblzma.5.dylib
0x0000000015ab7000 	/usr/lib/libnetwork.dylib
0x0000000015ab7000 	/usr/lib/libapple_nghttp2.dylib
0x0000000015ab7000 	/usr/lib/libpcap.A.dylib
0x0000000015ab7000 	/System/Library/Frameworks/CoreServices.framework/Versions/A/Frameworks/FSEvents.framework/Versions/A/FSEvents
0x0000000015ab7000 	/System/Library/Frameworks/CoreServices.framework/Versions/A/Frameworks/CarbonCore.framework/Versions/A/CarbonCore
0x0000000015ab7000 	/System/Library/Frameworks/CoreServices.framework/Versions/A/Frameworks/Metadata.framework/Versions/A/Metadata
0x0000000015ab7000 	/System/Library/Frameworks/CoreServices.framework/Versions/A/Frameworks/OSServices.framework/Versions/A/OSServices
0x0000000015ab7000 	/System/Library/Frameworks/CoreServices.framework/Versions/A/Frameworks/SearchKit.framework/Versions/A/SearchKit
0x0000000015ab7000 	/System/Library/Frameworks/CoreServices.framework/Versions/A/Frameworks/AE.framework/Versions/A/AE
0x0000000015ab7000 	/System/Library/Frameworks/CoreServices.framework/Versions/A/Frameworks/LaunchServices.framework/Versions/A/LaunchServices
0x0000000015ab7000 	/System/Library/Frameworks/CoreServices.framework/Versions/A/Frameworks/DictionaryServices.framework/Versions/A/DictionaryServices
0x0000000015ab7000 	/System/Library/Frameworks/CoreServices.framework/Versions/A/Frameworks/SharedFileList.framework/Versions/A/SharedFileList
0x0000000015ab7000 	/System/Library/Frameworks/NetFS.framework/Versions/A/NetFS
0x0000000015ab7000 	/System/Library/PrivateFrameworks/NetAuth.framework/Versions/A/NetAuth
0x0000000015ab7000 	/System/Library/PrivateFrameworks/login.framework/Versions/A/Frameworks/loginsupport.framework/Versions/A/loginsupport
0x0000000015ab7000 	/System/Library/PrivateFrameworks/TCC.framework/Versions/A/TCC
0x0000000015ab7000 	/System/Library/PrivateFrameworks/CoreNLP.framework/Versions/A/CoreNLP
0x0000000015ab7000 	/System/Library/PrivateFrameworks/MetadataUtilities.framework/Versions/A/MetadataUtilities
0x0000000015ab7000 	/usr/lib/libmecabra.dylib
0x0000000015ab7000 	/System/Library/Frameworks/ApplicationServices.framework/Versions/A/Frameworks/ATS.framework/Versions/A/ATS
0x0000000015ab7000 	/System/Library/Frameworks/ApplicationServices.framework/Versions/A/Frameworks/ColorSyncLegacy.framework/Versions/A/ColorSyncLegacy
0x0000000015ab7000 	/System/Library/Frameworks/ApplicationServices.framework/Versions/A/Frameworks/HIServices.framework/Versions/A/HIServices
0x0000000015ab7000 	/System/Library/Frameworks/ApplicationServices.framework/Versions/A/Frameworks/LangAnalysis.framework/Versions/A/LangAnalysis
0x0000000015ab7000 	/System/Library/Frameworks/ApplicationServices.framework/Versions/A/Frameworks/PrintCore.framework/Versions/A/PrintCore
0x0000000015ab7000 	/System/Library/Frameworks/ApplicationServices.framework/Versions/A/Frameworks/QD.framework/Versions/A/QD
0x0000000015ab7000 	/System/Library/Frameworks/ApplicationServices.framework/Versions/A/Frameworks/SpeechSynthesis.framework/Versions/A/SpeechSynthesis
0x0000000015ab7000 	/usr/lib/libcompression.dylib
0x0000000015ab7000 	/System/Library/Frameworks/CoreDisplay.framework/Versions/A/CoreDisplay
0x0000000015ab7000 	/System/Library/Frameworks/MetalPerformanceShaders.framework/Versions/A/MetalPerformanceShaders
0x0000000015ab7000 	/System/Library/Frameworks/Accelerate.framework/Versions/A/Frameworks/vImage.framework/Versions/A/vImage
0x0000000015ab7000 	/System/Library/Frameworks/Accelerate.framework/Versions/A/Frameworks/vecLib.framework/Versions/A/vecLib
0x0000000015ab7000 	/System/Library/Frameworks/Accelerate.framework/Versions/A/Frameworks/vecLib.framework/Versions/A/libvMisc.dylib
0x0000000015ab7000 	/System/Library/Frameworks/Accelerate.framework/Versions/A/Frameworks/vecLib.framework/Versions/A/libvDSP.dylib
0x0000000015ab7000 	/System/Library/Frameworks/Accelerate.framework/Versions/A/Frameworks/vecLib.framework/Versions/A/libBLAS.dylib
0x0000000015ab7000 	/System/Library/Frameworks/Accelerate.framework/Versions/A/Frameworks/vecLib.framework/Versions/A/libLAPACK.dylib
0x0000000015ab7000 	/System/Library/Frameworks/Accelerate.framework/Versions/A/Frameworks/vecLib.framework/Versions/A/libLinearAlgebra.dylib
0x0000000015ab7000 	/System/Library/Frameworks/Accelerate.framework/Versions/A/Frameworks/vecLib.framework/Versions/A/libSparseBLAS.dylib
0x0000000015ab7000 	/System/Library/Frameworks/Accelerate.framework/Versions/A/Frameworks/vecLib.framework/Versions/A/libQuadrature.dylib
0x0000000015ab7000 	/System/Library/Frameworks/Accelerate.framework/Versions/A/Frameworks/vecLib.framework/Versions/A/libBNNS.dylib
0x0000000015ab7000 	/System/Library/Frameworks/Accelerate.framework/Versions/A/Frameworks/vecLib.framework/Versions/A/libSparse.dylib
0x0000000015ab7000 	/System/Library/PrivateFrameworks/GPUWrangler.framework/Versions/A/GPUWrangler
0x0000000015ab7000 	/System/Library/PrivateFrameworks/IOAccelerator.framework/Versions/A/IOAccelerator
0x0000000015ab7000 	/System/Library/PrivateFrameworks/IOPresentment.framework/Versions/A/IOPresentment
0x0000000015ab7000 	/System/Library/PrivateFrameworks/DSExternalDisplay.framework/Versions/A/DSExternalDisplay
0x0000000015ab7000 	/System/Library/Frameworks/OpenGL.framework/Versions/A/Libraries/libCoreFSCache.dylib
0x0000000015ab7000 	/System/Library/Frameworks/MetalPerformanceShaders.framework/Frameworks/MPSCore.framework/Versions/A/MPSCore
0x0000000015ab7000 	/System/Library/Frameworks/MetalPerformanceShaders.framework/Frameworks/MPSImage.framework/Versions/A/MPSImage
0x0000000015ab7000 	/System/Library/Frameworks/MetalPerformanceShaders.framework/Frameworks/MPSNeuralNetwork.framework/Versions/A/MPSNeuralNetwork
0x0000000015ab7000 	/System/Library/Frameworks/MetalPerformanceShaders.framework/Frameworks/MPSMatrix.framework/Versions/A/MPSMatrix
0x0000000015ab7000 	/System/Library/Frameworks/MetalPerformanceShaders.framework/Frameworks/MPSRayIntersector.framework/Versions/A/MPSRayIntersector
0x0000000015ab7000 	/System/Library/PrivateFrameworks/MetalTools.framework/Versions/A/MetalTools
0x0000000015ab7000 	/System/Library/PrivateFrameworks/AggregateDictionary.framework/Versions/A/AggregateDictionary
0x0000000015ab7000 	/usr/lib/libMobileGestalt.dylib
0x0000000015ab7000 	/System/Library/Frameworks/CoreVideo.framework/Versions/A/CoreVideo
0x0000000015ab7000 	/System/Library/PrivateFrameworks/GraphVisualizer.framework/Versions/A/GraphVisualizer
0x0000000015ab7000 	/System/Library/PrivateFrameworks/FaceCore.framework/Versions/A/FaceCore
0x0000000015ab7000 	/System/Library/Frameworks/OpenCL.framework/Versions/A/OpenCL
0x0000000015ab7000 	/usr/lib/libFosl_dynamic.dylib
0x0000000015ab7000 	/System/Library/PrivateFrameworks/OTSVG.framework/Versions/A/OTSVG
0x0000000015ab7000 	/System/Library/Frameworks/ApplicationServices.framework/Versions/A/Frameworks/ATS.framework/Versions/A/Resources/libFontParser.dylib
0x0000000015ab7000 	/System/Library/Frameworks/ApplicationServices.framework/Versions/A/Frameworks/ATS.framework/Versions/A/Resources/libFontRegistry.dylib
0x0000000015ab7000 	/System/Library/Frameworks/ImageIO.framework/Versions/A/Resources/libJPEG.dylib
0x0000000015ab7000 	/System/Library/Frameworks/ImageIO.framework/Versions/A/Resources/libTIFF.dylib
0x0000000015ab7000 	/System/Library/Frameworks/ImageIO.framework/Versions/A/Resources/libPng.dylib
0x0000000015ab7000 	/System/Library/Frameworks/ImageIO.framework/Versions/A/Resources/libGIF.dylib
0x0000000015ab7000 	/System/Library/Frameworks/ImageIO.framework/Versions/A/Resources/libJP2.dylib
0x0000000015ab7000 	/System/Library/Frameworks/ImageIO.framework/Versions/A/Resources/libRadiance.dylib
0x0000000015ab7000 	/System/Library/PrivateFrameworks/AppleJPEG.framework/Versions/A/AppleJPEG
0x0000000015ab7000 	/System/Library/Frameworks/OpenGL.framework/Versions/A/Libraries/libGFXShared.dylib
0x0000000015ab7000 	/System/Library/Frameworks/OpenGL.framework/Versions/A/Libraries/libGLU.dylib
0x0000000015ab7000 	/System/Library/Frameworks/OpenGL.framework/Versions/A/Libraries/libGL.dylib
0x0000000015ab7000 	/System/Library/Frameworks/OpenGL.framework/Versions/A/Libraries/libGLImage.dylib
0x0000000015ab7000 	/System/Library/Frameworks/OpenGL.framework/Versions/A/Libraries/libCVMSPluginSupport.dylib
0x0000000015ab7000 	/System/Library/Frameworks/OpenGL.framework/Versions/A/Libraries/libCoreVMClient.dylib
0x0000000015ab7000 	/usr/lib/libcups.2.dylib
0x0000000015ab7000 	/System/Library/Frameworks/Kerberos.framework/Versions/A/Kerberos
0x0000000015ab7000 	/System/Library/Frameworks/GSS.framework/Versions/A/GSS
0x0000000015ab7000 	/usr/lib/libresolv.9.dylib
0x0000000015ab7000 	/usr/lib/libiconv.2.dylib
0x0000000015ab7000 	/System/Library/PrivateFrameworks/Heimdal.framework/Versions/A/Heimdal
0x0000000015ab7000 	/usr/lib/libheimdal-asn1.dylib
0x0000000015ab7000 	/System/Library/Frameworks/OpenDirectory.framework/Versions/A/OpenDirectory
0x0000000015ab7000 	/System/Library/PrivateFrameworks/CommonAuth.framework/Versions/A/CommonAuth
0x0000000015ab7000 	/System/Library/Frameworks/OpenDirectory.framework/Versions/A/Frameworks/CFOpenDirectory.framework/Versions/A/CFOpenDirectory
0x0000000015ab7000 	/System/Library/Frameworks/SecurityFoundation.framework/Versions/A/SecurityFoundation
0x0000000015ab7000 	/System/Library/PrivateFrameworks/APFS.framework/Versions/A/APFS
0x0000000015ab7000 	/usr/lib/libutil.dylib
0x0000000015ab7000 	/usr/lib/libcharset.1.dylib
0x0000000015ab7000 	/System/Library/PrivateFrameworks/AppleSauce.framework/Versions/A/AppleSauce
0x0000000015ab7000 	/System/Library/PrivateFrameworks/AssertionServices.framework/Versions/A/AssertionServices
0x0000000015ab7000 	/System/Library/PrivateFrameworks/BaseBoard.framework/Versions/A/BaseBoard
0x0000000015ab7000 	/usr/lib/libmecab.1.0.0.dylib
0x0000000015ab7000 	/usr/lib/libgermantok.dylib
0x0000000015ab7000 	/usr/lib/libThaiTokenizer.dylib
0x0000000015ab7000 	/usr/lib/libChineseTokenizer.dylib
0x0000000015ab7000 	/System/Library/PrivateFrameworks/LanguageModeling.framework/Versions/A/LanguageModeling
0x0000000015ab7000 	/System/Library/PrivateFrameworks/CoreEmoji.framework/Versions/A/CoreEmoji
0x0000000015ab7000 	/System/Library/PrivateFrameworks/Lexicon.framework/Versions/A/Lexicon
0x0000000015ab7000 	/System/Library/PrivateFrameworks/LinguisticData.framework/Versions/A/LinguisticData
0x0000000015ab7000 	/usr/lib/libcmph.dylib
0x0000000015ab7000 	/System/Library/Frameworks/ServiceManagement.framework/Versions/A/ServiceManagement
0x0000000015ab7000 	/System/Library/PrivateFrameworks/BackgroundTaskManagement.framework/Versions/A/BackgroundTaskManagement
0x0000000015ab7000 	/usr/lib/libxslt.1.dylib
0x0000000015ab7000 	/System/Library/Frameworks/Carbon.framework/Versions/A/Frameworks/Ink.framework/Versions/A/Ink
0x0000000015ab7000 	/System/Library/PrivateFrameworks/TextureIO.framework/Versions/A/TextureIO
0x0000000015ab7000 	/usr/lib/libate.dylib
0x0000000015ab7000 	/System/Library/PrivateFrameworks/CrashReporterSupport.framework/Versions/A/CrashReporterSupport
0x0000000015ab7000 	/System/Library/PrivateFrameworks/Sharing.framework/Versions/A/Sharing
0x0000000015ab7000 	/System/Library/PrivateFrameworks/AuthKit.framework/Versions/A/AuthKit
0x0000000015ab7000 	/System/Library/PrivateFrameworks/Apple80211.framework/Versions/A/Apple80211
0x0000000015ab7000 	/System/Library/PrivateFrameworks/CoreUtils.framework/Versions/A/CoreUtils
0x0000000015ab7000 	/System/Library/Frameworks/CoreWLAN.framework/Versions/A/CoreWLAN
0x0000000015ab7000 	/System/Library/Frameworks/IOBluetooth.framework/Versions/A/IOBluetooth
0x0000000015ab7000 	/System/Library/PrivateFrameworks/ProtocolBuffer.framework/Versions/A/ProtocolBuffer
0x0000000015ab7000 	/System/Library/PrivateFrameworks/MobileKeyBag.framework/Versions/A/MobileKeyBag
0x0000000015ab7000 	/System/Library/PrivateFrameworks/CorePhoneNumbers.framework/Versions/A/CorePhoneNumbers
0x0000000015ab7000 	/System/Library/PrivateFrameworks/AppleIDAuthSupport.framework/Versions/A/AppleIDAuthSupport
0x0000000015ab7000 	/System/Library/PrivateFrameworks/KeychainCircle.framework/Versions/A/KeychainCircle
0x0000000015ab7000 	/System/Library/PrivateFrameworks/ROCKit.framework/Versions/A/ROCKit
0x0000000015ab7000 	/System/Library/PrivateFrameworks/CoreWiFi.framework/Versions/A/CoreWiFi
0x0000000015ab7000 	/System/Library/Frameworks/CoreBluetooth.framework/Versions/A/CoreBluetooth
0x0000000015ab7000 	/System/Library/PrivateFrameworks/DebugSymbols.framework/Versions/A/DebugSymbols
0x0000000015ab7000 	/System/Library/PrivateFrameworks/CoreSymbolication.framework/Versions/A/CoreSymbolication
0x0000000015ab7000 	/System/Library/PrivateFrameworks/Symbolication.framework/Versions/A/Symbolication
0x0000000015ab7000 	/System/Library/PrivateFrameworks/SpeechRecognitionCore.framework/Versions/A/SpeechRecognitionCore
0x0000000107400000 	/Library/Java/JavaVirtualMachines/jdk1.8.0_101.jdk/Contents/Home/jre/lib/server/libjvm.dylib
0x0000000015ab7000 	/usr/lib/libstdc++.6.dylib
0x0000000106843000 	/Library/Java/JavaVirtualMachines/jdk1.8.0_101.jdk/Contents/Home/jre/lib/libverify.dylib
0x0000000106851000 	/Library/Java/JavaVirtualMachines/jdk1.8.0_101.jdk/Contents/Home/jre/lib/libjava.dylib
0x00000001068d0000 	/Library/Java/JavaVirtualMachines/jdk1.8.0_101.jdk/Contents/Home/jre/lib/libzip.dylib
0x0000000015ab7000 	/System/Library/Frameworks/JavaVM.framework/Versions/A/Frameworks/JavaRuntimeSupport.framework/Versions/A/JavaRuntimeSupport
0x0000000015ab7000 	/System/Library/Frameworks/JavaVM.framework/Versions/A/Frameworks/JavaNativeFoundation.framework/Versions/A/JavaNativeFoundation
0x0000000015ab7000 	/System/Library/Frameworks/JavaVM.framework/Versions/A/JavaVM
0x0000000015ab7000 	/System/Library/Frameworks/Carbon.framework/Versions/A/Carbon
0x0000000015ab7000 	/System/Library/PrivateFrameworks/JavaLaunching.framework/Versions/A/JavaLaunching
0x0000000015ab7000 	/System/Library/Frameworks/Carbon.framework/Versions/A/Frameworks/CommonPanels.framework/Versions/A/CommonPanels
0x0000000015ab7000 	/System/Library/Frameworks/Carbon.framework/Versions/A/Frameworks/Help.framework/Versions/A/Help
0x0000000015ab7000 	/System/Library/Frameworks/Carbon.framework/Versions/A/Frameworks/ImageCapture.framework/Versions/A/ImageCapture
0x0000000015ab7000 	/System/Library/Frameworks/Carbon.framework/Versions/A/Frameworks/OpenScripting.framework/Versions/A/OpenScripting
0x0000000015ab7000 	/System/Library/Frameworks/Carbon.framework/Versions/A/Frameworks/Print.framework/Versions/A/Print
0x0000000015ab7000 	/System/Library/Frameworks/Carbon.framework/Versions/A/Frameworks/SecurityHI.framework/Versions/A/SecurityHI
0x000000011ff61000 	/Library/Java/JavaVirtualMachines/jdk1.8.0_101.jdk/Contents/Home/jre/lib/libnet.dylib
0x000000011ff80000 	/Library/Java/JavaVirtualMachines/jdk1.8.0_101.jdk/Contents/Home/jre/lib/libsunec.dylib
0x0000000120b34000 	/Library/Java/JavaVirtualMachines/jdk1.8.0_101.jdk/Contents/Home/jre/lib/libmanagement.dylib
0x0000000120c51000 	/Library/Java/JavaVirtualMachines/jdk1.8.0_101.jdk/Contents/Home/jre/lib/libnio.dylib

VM Arguments:
jvm_args: -Dfile.encoding=UTF-8 
java_command: classesTests.Receiver
java_class_path (initial): /Users/marieroca/Downloads/glassfish5/glassfish/lib/gf-client.jar:/Users/marieroca/Downloads/glassfish5/glassfish/modules/endorsed/jaxb-api.jar:/Users/marieroca/Downloads/glassfish5/glassfish/modules/endorsed/grizzly-npn-bootstrap.jar:/Users/marieroca/Downloads/glassfish5/glassfish/modules/endorsed/webservices-api-osgi.jar:/Users/marieroca/Downloads/glassfish5/glassfish/modules/endorsed/javax.annotation-api.jar:/Users/marieroca/Downloads/glassfish5/glassfish/modules/javax.xml.registry-api.jar:/Users/marieroca/Downloads/glassfish5/glassfish/modules/javax.security.jacc-api.jar:/Users/marieroca/Downloads/glassfish5/glassfish/modules/bean-validator.jar:/Users/marieroca/Downloads/glassfish5/glassfish/modules/javax.security.enterprise-api.jar:/Users/marieroca/Downloads/glassfish5/glassfish/modules/webservices-osgi.jar:/Users/marieroca/Downloads/glassfish5/glassfish/modules/javax.batch-api.jar:/Users/marieroca/Downloads/glassfish5/glassfish/modules/weld-osgi-bundle.jar:/Users/marieroca/Downloads/glassfish5/glassfish/modules/javax.persistence.jar:/Users/marieroca/Downloads/glassfish5/glassfish/modules/javax.json.bind-api.jar:/Users/marieroca/Downloads/glassfish5/glassfish/modules/javax.security.auth.message-api.jar:/Users/marieroca/Downloads/glassfish5/glassfish/modules/javax.resource-api.jar:/Users/marieroca/Downloads/glassfish5/glassfish/modules/javax.servlet.jsp.jstl.jar:/Users/marieroca/Downloads/glassfish5/glassfish/modules/javax.servlet.jsp.jar:/Users/marieroca/Downloads/glassfish5/glassfish/modules/javax.servlet-api.jar:/Users/marieroca/Downloads/glassfish5/glassfish/modules/javax.interceptor-api.jar:/Users/marieroca/Downloads/glassfish5/glassfish/modules/javax.servlet.jsp-api.jar:/Users/marieroca/Downloads/glassfish5/glassfish/modules/javax.xml.rpc-api.jar:/Users/marieroca/Downloads/glassfish5/glassfish/modules/javax.mail.jar:/Users/marieroca/Downloads/glassfish5/glassfish/modules/cdi-api.jar:/Users/marieroca/Downloads/glassfish5/glassfi
Launcher Type: SUN_STANDARD

Environment Variables:
PATH=/usr/bin:/bin:/usr/sbin:/sbin
LD_LIBRARY_PATH=/Library/Java/JavaVirtualMachines/jdk1.8.0_101.jdk/Contents/Home/jre/lib/amd64:/Library/Java/JavaVirtualMachines/jdk1.8.0_101.jdk/Contents/Home/jre/lib/i386:
SHELL=/bin/bash
DISPLAY=/private/tmp/com.apple.launchd.y6KomSYIJ0/org.macosforge.xquartz:0

Signal Handlers:
SIGSEGV: [libjvm.dylib+0x5af145], sa_mask[0]=11111111011111110111111111111111, sa_flags=SA_ONSTACK|SA_RESTART|SA_SIGINFO
SIGBUS: [libjvm.dylib+0x5af145], sa_mask[0]=11111111011111110111111111111111, sa_flags=SA_RESTART|SA_SIGINFO
SIGFPE: [libjvm.dylib+0x48694c], sa_mask[0]=11111111011111110111111111111111, sa_flags=SA_RESTART|SA_SIGINFO
SIGPIPE: [libjvm.dylib+0x48694c], sa_mask[0]=11111111011111110111111111111111, sa_flags=SA_RESTART|SA_SIGINFO
SIGXFSZ: [libjvm.dylib+0x48694c], sa_mask[0]=11111111011111110111111111111111, sa_flags=SA_RESTART|SA_SIGINFO
SIGILL: [libjvm.dylib+0x48694c], sa_mask[0]=11111111011111110111111111111111, sa_flags=SA_RESTART|SA_SIGINFO
SIGUSR1: SIG_DFL, sa_mask[0]=00000000000000000000000000000000, sa_flags=none
SIGUSR2: [libjvm.dylib+0x48646a], sa_mask[0]=00100000000000000000000000000000, sa_flags=SA_RESTART|SA_SIGINFO
SIGHUP: [libjvm.dylib+0x484a41], sa_mask[0]=11111111011111110111111111111111, sa_flags=SA_RESTART|SA_SIGINFO
SIGINT: SIG_IGN, sa_mask[0]=00000000000000000000000000000000, sa_flags=none
SIGTERM: [libjvm.dylib+0x484a41], sa_mask[0]=11111111011111110111111111111111, sa_flags=SA_RESTART|SA_SIGINFO
SIGQUIT: [libjvm.dylib+0x484a41], sa_mask[0]=11111111011111110111111111111111, sa_flags=SA_RESTART|SA_SIGINFO


---------------  S Y S T E M  ---------------

OS:Bsduname:Darwin 18.0.0 Darwin Kernel Version 18.0.0: Wed Aug 22 20:13:40 PDT 2018; root:xnu-4903.201.2~1/RELEASE_X86_64 x86_64
rlimit: STACK 8192k, CORE 0k, NPROC 709, NOFILE 10240, AS infinity
load average:3.36 2.65 2.55

CPU:total 4 (2 cores per cpu, 2 threads per core) family 6 model 78 stepping 3, cmov, cx8, fxsr, mmx, sse, sse2, sse3, ssse3, sse4.1, sse4.2, popcnt, avx, avx2, aes, clmul, erms, 3dnowpref, lzcnt, ht, tsc, tscinvbit, bmi1, bmi2, adx

Memory: 4k page, physical 8388608k(72948k free)

/proc/meminfo:


vm_info: Java HotSpot(TM) 64-Bit Server VM (25.101-b13) for bsd-amd64 JRE (1.8.0_101-b13), built on Jun 22 2016 02:42:15 by "java_re" with gcc 4.2.1 (Based on Apple Inc. build 5658) (LLVM build 2336.11.00)

time: Sat Dec  1 08:20:49 2018
elapsed time: 489 seconds (0d 0h 8m 9s)

